uana_project/build/app/intermediates/manifest_merge_blame_file/debug/manifest-merger-blame-debug-report.txt
1<?xml version="1.0" encoding="utf-8"?>
2<manifest xmlns:android="http://schemas.android.com/apk/res/android"
3    package="com.joowhan.uana_project"
4    android:versionCode="1"
5    android:versionName="1.0.0" >
6
7    <uses-sdk
8        android:minSdkVersion="21"
9        android:targetSdkVersion="30" />
10    <!--
11         Flutter needs it to communicate with the running application
12         to allow setting breakpoints, to provide hot reload, etc.
13    -->
14    <uses-permission android:name="android.permission.INTERNET" />
14-->src/debug/AndroidManifest.xml:6:5-66
14-->src/debug/AndroidManifest.xml:6:22-64
15    <uses-permission android:name="android.permission.ACCESS_FINE_LOCATION" />
15-->src/main/AndroidManifest.xml:3:5-78
15-->src/main/AndroidManifest.xml:3:22-76
16    <uses-permission android:name="android.permission.ACCESS_COARSE_LOCATION" />
16-->src/main/AndroidManifest.xml:4:5-80
16-->src/main/AndroidManifest.xml:4:22-78
17    <uses-permission android:name="android.permission.READ_EXTERNAL_STORAGE" />
17-->[:file_picker] AndroidManifest.xml:7:5-80
17-->[:file_picker] AndroidManifest.xml:7:22-77
18
19    <queries>
19-->[:file_picker] AndroidManifest.xml:9:5-15:15
20        <intent>
20-->[:file_picker] AndroidManifest.xml:10:9-14:18
21            <action android:name="android.intent.action.GET_CONTENT" />
21-->[:file_picker] AndroidManifest.xml:11:13-72
21-->[:file_picker] AndroidManifest.xml:11:21-69
22
23            <data android:mimeType="*/*" />
23-->[:file_picker] AndroidManifest.xml:13:13-44
23-->[:file_picker] AndroidManifest.xml:13:19-41
24        </intent>
25    </queries>
26
27    <uses-permission android:name="android.permission.REQUEST_INSTALL_PACKAGES" />
27-->[:open_file] AndroidManifest.xml:8:5-83
27-->[:open_file] AndroidManifest.xml:8:22-80
28    <uses-permission android:name="android.permission.RECEIVE_BOOT_COMPLETED" />
28-->[:flutter_local_notifications] AndroidManifest.xml:7:5-81
28-->[:flutter_local_notifications] AndroidManifest.xml:7:22-78
29    <uses-permission android:name="android.permission.VIBRATE" />
29-->[:flutter_local_notifications] AndroidManifest.xml:8:5-66
29-->[:flutter_local_notifications] AndroidManifest.xml:8:22-63
30    <uses-permission android:name="android.permission.USE_FULL_SCREEN_INTENT" />
30-->[:flutter_local_notifications] AndroidManifest.xml:9:5-81
30-->[:flutter_local_notifications] AndroidManifest.xml:9:22-78
31    <uses-permission android:name="android.permission.SCHEDULE_EXACT_ALARM" /> <!-- Include required permissions for Google Maps API to run. -->
31-->[:flutter_local_notifications] AndroidManifest.xml:10:5-79
31-->[:flutter_local_notifications] AndroidManifest.xml:10:22-76
32    <uses-permission android:name="android.permission.ACCESS_NETWORK_STATE" />
32-->[com.google.android.gms:play-services-maps:17.0.0] AndroidManifest.xml:23:5-79
32-->[com.google.android.gms:play-services-maps:17.0.0] AndroidManifest.xml:23:22-76
33
34    <uses-feature
34-->[com.google.android.gms:play-services-maps:17.0.0] AndroidManifest.xml:26:5-28:35
35        android:glEsVersion="0x00020000"
35-->[com.google.android.gms:play-services-maps:17.0.0] AndroidManifest.xml:27:9-41
36        android:required="true" />
36-->[com.google.android.gms:play-services-maps:17.0.0] AndroidManifest.xml:28:9-32
37
38    <application
38-->src/main/AndroidManifest.xml:6:4-46:19
39        android:appComponentFactory="androidx.core.app.CoreComponentFactory"
39-->[androidx.core:core:1.3.2] AndroidManifest.xml:24:18-86
40        android:debuggable="true"
41        android:icon="@mipmap/ic_launcher"
41-->src/main/AndroidManifest.xml:8:9-43
42        android:label="uana_project" >
42-->src/main/AndroidManifest.xml:7:9-37
43        <activity
43-->src/main/AndroidManifest.xml:9:9-37:20
44            android:name="com.joowhan.uana_project.MainActivity"
44-->src/main/AndroidManifest.xml:10:13-41
45            android:configChanges="orientation|keyboardHidden|keyboard|screenSize|smallestScreenSize|locale|layoutDirection|fontScale|screenLayout|density|uiMode"
45-->src/main/AndroidManifest.xml:13:13-163
46            android:hardwareAccelerated="true"
46-->src/main/AndroidManifest.xml:14:13-47
47            android:launchMode="singleTop"
47-->src/main/AndroidManifest.xml:11:13-43
48            android:theme="@style/LaunchTheme"
48-->src/main/AndroidManifest.xml:12:13-47
49            android:windowSoftInputMode="adjustResize" >
49-->src/main/AndroidManifest.xml:15:13-55
50
51            <!--
52                 Specifies an Android theme to apply to this Activity as soon as
53                 the Android process has started. This theme is visible to the user
54                 while the Flutter UI initializes. After that, this theme continues
55                 to determine the Window background behind the Flutter UI.
56            -->
57            <meta-data
57-->src/main/AndroidManifest.xml:20:13-23:17
58                android:name="io.flutter.embedding.android.NormalTheme"
58-->src/main/AndroidManifest.xml:21:15-70
59                android:resource="@style/NormalTheme" />
59-->src/main/AndroidManifest.xml:22:15-52
60            <!--
61                 Displays an Android View that continues showing the launch screen
62                 Drawable until Flutter paints its first frame, then this splash
63                 screen fades out. A splash screen is useful to avoid any visual
64                 gap between the end of Android's launch screen and the painting of
65                 Flutter's first frame.
66            -->
67            <meta-data
67-->src/main/AndroidManifest.xml:29:13-32:17
68                android:name="io.flutter.embedding.android.SplashScreenDrawable"
68-->src/main/AndroidManifest.xml:30:15-79
69                android:resource="@drawable/launch_background" />
69-->src/main/AndroidManifest.xml:31:15-61
70
71            <intent-filter>
71-->src/main/AndroidManifest.xml:33:13-36:29
72                <action android:name="android.intent.action.MAIN" />
72-->src/main/AndroidManifest.xml:34:17-68
72-->src/main/AndroidManifest.xml:34:25-66
73
74                <category android:name="android.intent.category.LAUNCHER" />
74-->src/main/AndroidManifest.xml:35:17-76
74-->src/main/AndroidManifest.xml:35:27-74
75            </intent-filter>
76        </activity>
77        <!--
78             Don't delete the meta-data below.
79             This is used by the Flutter tool to generate GeneratedPluginRegistrant.java
80        -->
81        <meta-data
81-->src/main/AndroidManifest.xml:40:9-42:33
82            android:name="flutterEmbedding"
82-->src/main/AndroidManifest.xml:41:13-44
83            android:value="2" />
83-->src/main/AndroidManifest.xml:42:13-30
84        <meta-data
84-->src/main/AndroidManifest.xml:43:8-45:69
85            android:name="com.google.android.geo.API_KEY"
85-->src/main/AndroidManifest.xml:44:12-57
86            android:value="AIzaSyAuNt_UmAPhv0KVmz9RxjeWOPp3IC4d3x0" />
86-->src/main/AndroidManifest.xml:45:12-67
87
88        <service
88-->[:firebase_storage] AndroidManifest.xml:8:9-12:19
89            android:name="com.google.firebase.components.ComponentDiscoveryService"
89-->[:firebase_storage] AndroidManifest.xml:8:18-89
90            android:directBootAware="true"
90-->[com.google.firebase:firebase-common:20.0.0] AndroidManifest.xml:35:13-43
91            android:exported="false" >
91-->[com.google.firebase:firebase-auth:21.0.1] AndroidManifest.xml:76:13-37
92            <meta-data
92-->[:firebase_storage] AndroidManifest.xml:9:13-11:85
93                android:name="com.google.firebase.components:io.flutter.plugins.firebase.storage.FlutterFirebaseAppRegistrar"
93-->[:firebase_storage] AndroidManifest.xml:10:17-126
94                android:value="com.google.firebase.components.ComponentRegistrar" />
94-->[:firebase_storage] AndroidManifest.xml:11:17-82
95            <meta-data
95-->[:cloud_firestore] AndroidManifest.xml:9:13-11:85
96                android:name="com.google.firebase.components:io.flutter.plugins.firebase.firestore.FlutterFirebaseFirestoreRegistrar"
96-->[:cloud_firestore] AndroidManifest.xml:10:17-134
97                android:value="com.google.firebase.components.ComponentRegistrar" />
97-->[:cloud_firestore] AndroidManifest.xml:11:17-82
98            <meta-data
98-->[:firebase_auth] AndroidManifest.xml:9:13-11:85
99                android:name="com.google.firebase.components:io.flutter.plugins.firebase.auth.FlutterFirebaseAuthRegistrar"
99-->[:firebase_auth] AndroidManifest.xml:10:17-124
100                android:value="com.google.firebase.components.ComponentRegistrar" />
100-->[:firebase_auth] AndroidManifest.xml:11:17-82
101            <meta-data
101-->[:firebase_core] AndroidManifest.xml:9:13-11:85
102                android:name="com.google.firebase.components:io.flutter.plugins.firebase.core.FlutterFirebaseCoreRegistrar"
102-->[:firebase_core] AndroidManifest.xml:10:17-124
103                android:value="com.google.firebase.components.ComponentRegistrar" />
103-->[:firebase_core] AndroidManifest.xml:11:17-82
104            <meta-data
104-->[com.google.firebase:firebase-auth:21.0.1] AndroidManifest.xml:77:13-79:85
105                android:name="com.google.firebase.components:com.google.firebase.auth.FirebaseAuthRegistrar"
105-->[com.google.firebase:firebase-auth:21.0.1] AndroidManifest.xml:78:17-109
106                android:value="com.google.firebase.components.ComponentRegistrar" />
106-->[com.google.firebase:firebase-auth:21.0.1] AndroidManifest.xml:79:17-82
107            <meta-data
107-->[com.google.firebase:firebase-firestore:24.0.0] AndroidManifest.xml:20:13-22:85
108                android:name="com.google.firebase.components:com.google.firebase.firestore.FirestoreRegistrar"
108-->[com.google.firebase:firebase-firestore:24.0.0] AndroidManifest.xml:21:17-111
109                android:value="com.google.firebase.components.ComponentRegistrar" />
109-->[com.google.firebase:firebase-firestore:24.0.0] AndroidManifest.xml:22:17-82
110            <meta-data
110-->[com.google.firebase:firebase-storage:20.0.0] AndroidManifest.xml:33:13-35:85
111                android:name="com.google.firebase.components:com.google.firebase.storage.StorageRegistrar"
111-->[com.google.firebase:firebase-storage:20.0.0] AndroidManifest.xml:34:17-107
112                android:value="com.google.firebase.components.ComponentRegistrar" />
112-->[com.google.firebase:firebase-storage:20.0.0] AndroidManifest.xml:35:17-82
113        </service>
114
115        <provider
115-->[:image_picker] AndroidManifest.xml:8:9-16:20
116            android:name="io.flutter.plugins.imagepicker.ImagePickerFileProvider"
116-->[:image_picker] AndroidManifest.xml:9:13-82
117            android:authorities="com.joowhan.uana_project.flutter.image_provider"
117-->[:image_picker] AndroidManifest.xml:10:13-74
118            android:exported="false"
118-->[:image_picker] AndroidManifest.xml:11:13-37
119            android:grantUriPermissions="true" >
119-->[:image_picker] AndroidManifest.xml:12:13-47
120            <meta-data
120-->[:image_picker] AndroidManifest.xml:13:13-15:75
121                android:name="android.support.FILE_PROVIDER_PATHS"
121-->[:image_picker] AndroidManifest.xml:14:17-67
122                android:resource="@xml/flutter_image_picker_file_paths" />
122-->[:image_picker] AndroidManifest.xml:15:17-72
123        </provider>
124        <provider
124-->[:open_file] AndroidManifest.xml:12:9-21:20
125            android:name="com.crazecoder.openfile.FileProvider"
125-->[:open_file] AndroidManifest.xml:13:13-64
126            android:authorities="com.joowhan.uana_project.fileProvider.com.crazecoder.openfile"
126-->[:open_file] AndroidManifest.xml:14:13-88
127            android:exported="false"
127-->[:open_file] AndroidManifest.xml:15:13-37
128            android:grantUriPermissions="true" >
128-->[:open_file] AndroidManifest.xml:16:13-47
129            <meta-data
129-->[:image_picker] AndroidManifest.xml:13:13-15:75
130                android:name="android.support.FILE_PROVIDER_PATHS"
130-->[:image_picker] AndroidManifest.xml:14:17-67
131                android:resource="@xml/filepaths" />
131-->[:image_picker] AndroidManifest.xml:15:17-72
132        </provider>
133
134        <receiver
134-->[:flutter_local_notifications] AndroidManifest.xml:13:9-15:40
135            android:name="com.dexterous.flutterlocalnotifications.ScheduledNotificationReceiver"
135-->[:flutter_local_notifications] AndroidManifest.xml:14:13-97
136            android:exported="false" />
136-->[:flutter_local_notifications] AndroidManifest.xml:15:13-37
137        <receiver
137-->[:flutter_local_notifications] AndroidManifest.xml:16:9-25:20
138            android:name="com.dexterous.flutterlocalnotifications.ScheduledNotificationBootReceiver"
138-->[:flutter_local_notifications] AndroidManifest.xml:17:13-101
139            android:exported="false" >
139-->[:flutter_local_notifications] AndroidManifest.xml:18:13-37
140            <intent-filter>
140-->[:flutter_local_notifications] AndroidManifest.xml:19:13-24:29
141                <action android:name="android.intent.action.BOOT_COMPLETED" />
141-->[:flutter_local_notifications] AndroidManifest.xml:20:17-79
141-->[:flutter_local_notifications] AndroidManifest.xml:20:25-76
142                <action android:name="android.intent.action.MY_PACKAGE_REPLACED" />
142-->[:flutter_local_notifications] AndroidManifest.xml:21:17-84
142-->[:flutter_local_notifications] AndroidManifest.xml:21:25-81
143                <action android:name="android.intent.action.QUICKBOOT_POWERON" />
143-->[:flutter_local_notifications] AndroidManifest.xml:22:17-82
143-->[:flutter_local_notifications] AndroidManifest.xml:22:25-79
144                <action android:name="com.htc.intent.action.QUICKBOOT_POWERON" />
144-->[:flutter_local_notifications] AndroidManifest.xml:23:17-82
144-->[:flutter_local_notifications] AndroidManifest.xml:23:25-79
145            </intent-filter>
146        </receiver>
147
148        <service
148-->[:location] AndroidManifest.xml:11:9-15:56
149            android:name="com.lyokone.location.FlutterLocationService"
149-->[:location] AndroidManifest.xml:12:13-71
150            android:enabled="true"
150-->[:location] AndroidManifest.xml:13:13-35
151            android:exported="false"
151-->[:location] AndroidManifest.xml:14:13-37
152            android:foregroundServiceType="location" /> <!-- Needs to be explicitly declared on P+ -->
152-->[:location] AndroidManifest.xml:15:13-53
153        <uses-library
153-->[com.google.android.gms:play-services-maps:17.0.0] AndroidManifest.xml:33:9-35:40
154            android:name="org.apache.http.legacy"
154-->[com.google.android.gms:play-services-maps:17.0.0] AndroidManifest.xml:34:13-50
155            android:required="false" />
155-->[com.google.android.gms:play-services-maps:17.0.0] AndroidManifest.xml:35:13-37
156
157        <activity
157-->[com.google.firebase:firebase-auth:21.0.1] AndroidManifest.xml:27:9-44:20
158            android:name="com.google.firebase.auth.internal.GenericIdpActivity"
158-->[com.google.firebase:firebase-auth:21.0.1] AndroidManifest.xml:28:13-80
159            android:excludeFromRecents="true"
159-->[com.google.firebase:firebase-auth:21.0.1] AndroidManifest.xml:29:13-46
160            android:exported="true"
160-->[com.google.firebase:firebase-auth:21.0.1] AndroidManifest.xml:30:13-36
161            android:launchMode="singleTask"
161-->[com.google.firebase:firebase-auth:21.0.1] AndroidManifest.xml:31:13-44
162            android:theme="@android:style/Theme.Translucent.NoTitleBar" >
162-->[com.google.firebase:firebase-auth:21.0.1] AndroidManifest.xml:32:13-72
163            <intent-filter>
163-->[com.google.firebase:firebase-auth:21.0.1] AndroidManifest.xml:33:13-43:29
164                <action android:name="android.intent.action.VIEW" />
164-->[com.google.firebase:firebase-auth:21.0.1] AndroidManifest.xml:34:17-69
164-->[com.google.firebase:firebase-auth:21.0.1] AndroidManifest.xml:34:25-66
165
166                <category android:name="android.intent.category.DEFAULT" />
166-->[com.google.firebase:firebase-auth:21.0.1] AndroidManifest.xml:36:17-76
166-->[com.google.firebase:firebase-auth:21.0.1] AndroidManifest.xml:36:27-73
167                <category android:name="android.intent.category.BROWSABLE" />
167-->[com.google.firebase:firebase-auth:21.0.1] AndroidManifest.xml:37:17-78
167-->[com.google.firebase:firebase-auth:21.0.1] AndroidManifest.xml:37:27-75
168
169                <data
169-->[:file_picker] AndroidManifest.xml:13:13-44
170                    android:host="firebase.auth"
171                    android:path="/"
172                    android:scheme="genericidp" />
173            </intent-filter>
174        </activity>
175        <activity
175-->[com.google.firebase:firebase-auth:21.0.1] AndroidManifest.xml:45:9-62:20
176            android:name="com.google.firebase.auth.internal.RecaptchaActivity"
176-->[com.google.firebase:firebase-auth:21.0.1] AndroidManifest.xml:46:13-79
177            android:excludeFromRecents="true"
177-->[com.google.firebase:firebase-auth:21.0.1] AndroidManifest.xml:47:13-46
178            android:exported="true"
178-->[com.google.firebase:firebase-auth:21.0.1] AndroidManifest.xml:48:13-36
179            android:launchMode="singleTask"
179-->[com.google.firebase:firebase-auth:21.0.1] AndroidManifest.xml:49:13-44
180            android:theme="@android:style/Theme.Translucent.NoTitleBar" >
180-->[com.google.firebase:firebase-auth:21.0.1] AndroidManifest.xml:50:13-72
181            <intent-filter>
181-->[com.google.firebase:firebase-auth:21.0.1] AndroidManifest.xml:51:13-61:29
182                <action android:name="android.intent.action.VIEW" />
182-->[com.google.firebase:firebase-auth:21.0.1] AndroidManifest.xml:34:17-69
182-->[com.google.firebase:firebase-auth:21.0.1] AndroidManifest.xml:34:25-66
183
184                <category android:name="android.intent.category.DEFAULT" />
184-->[com.google.firebase:firebase-auth:21.0.1] AndroidManifest.xml:36:17-76
184-->[com.google.firebase:firebase-auth:21.0.1] AndroidManifest.xml:36:27-73
185                <category android:name="android.intent.category.BROWSABLE" />
185-->[com.google.firebase:firebase-auth:21.0.1] AndroidManifest.xml:37:17-78
185-->[com.google.firebase:firebase-auth:21.0.1] AndroidManifest.xml:37:27-75
186
187                <data
187-->[:file_picker] AndroidManifest.xml:13:13-44
188                    android:host="firebase.auth"
189                    android:path="/"
190                    android:scheme="recaptcha" />
191            </intent-filter>
192        </activity>
193
194        <service
194-->[com.google.firebase:firebase-auth:21.0.1] AndroidManifest.xml:64:9-73:19
195            android:name="com.google.firebase.auth.api.fallback.service.FirebaseAuthFallbackService"
195-->[com.google.firebase:firebase-auth:21.0.1] AndroidManifest.xml:65:13-101
196            android:enabled="true"
196-->[com.google.firebase:firebase-auth:21.0.1] AndroidManifest.xml:66:13-35
197            android:exported="false" >
197-->[com.google.firebase:firebase-auth:21.0.1] AndroidManifest.xml:67:13-37
198            <intent-filter>
198-->[com.google.firebase:firebase-auth:21.0.1] AndroidManifest.xml:68:13-72:29
199                <action android:name="com.google.firebase.auth.api.gms.service.START" />
199-->[com.google.firebase:firebase-auth:21.0.1] AndroidManifest.xml:69:17-89
199-->[com.google.firebase:firebase-auth:21.0.1] AndroidManifest.xml:69:25-86
200
201                <category android:name="android.intent.category.DEFAULT" />
201-->[com.google.firebase:firebase-auth:21.0.1] AndroidManifest.xml:36:17-76
201-->[com.google.firebase:firebase-auth:21.0.1] AndroidManifest.xml:36:27-73
202            </intent-filter>
203        </service>
204
205        <activity
205-->[com.google.android.gms:play-services-auth:16.0.1] AndroidManifest.xml:23:9-27:75
206            android:name="com.google.android.gms.auth.api.signin.internal.SignInHubActivity"
206-->[com.google.android.gms:play-services-auth:16.0.1] AndroidManifest.xml:24:13-93
207            android:excludeFromRecents="true"
207-->[com.google.android.gms:play-services-auth:16.0.1] AndroidManifest.xml:25:13-46
208            android:exported="false"
208-->[com.google.android.gms:play-services-auth:16.0.1] AndroidManifest.xml:26:13-37
209            android:theme="@android:style/Theme.Translucent.NoTitleBar" />
209-->[com.google.android.gms:play-services-auth:16.0.1] AndroidManifest.xml:27:13-72
210        <!--
211            Service handling Google Sign-In user revocation. For apps that do not integrate with
212            Google Sign-In, this service will never be started.
213        -->
214        <service
214-->[com.google.android.gms:play-services-auth:16.0.1] AndroidManifest.xml:33:9-36:110
215            android:name="com.google.android.gms.auth.api.signin.RevocationBoundService"
215-->[com.google.android.gms:play-services-auth:16.0.1] AndroidManifest.xml:34:13-89
216            android:exported="true"
216-->[com.google.android.gms:play-services-auth:16.0.1] AndroidManifest.xml:35:13-36
217            android:permission="com.google.android.gms.auth.api.signin.permission.REVOCATION_NOTIFICATION" />
217-->[com.google.android.gms:play-services-auth:16.0.1] AndroidManifest.xml:36:13-107
218
219        <activity
219-->[com.google.android.gms:play-services-base:17.1.0] AndroidManifest.xml:23:9-26:75
220            android:name="com.google.android.gms.common.api.GoogleApiActivity"
220-->[com.google.android.gms:play-services-base:17.1.0] AndroidManifest.xml:24:13-79
221            android:exported="false"
221-->[com.google.android.gms:play-services-base:17.1.0] AndroidManifest.xml:25:13-37
222            android:theme="@android:style/Theme.Translucent.NoTitleBar" />
222-->[com.google.android.gms:play-services-base:17.1.0] AndroidManifest.xml:26:13-72
223
224        <provider
224-->[com.google.firebase:firebase-common:20.0.0] AndroidManifest.xml:26:9-31:39
225            android:name="com.google.firebase.provider.FirebaseInitProvider"
225-->[com.google.firebase:firebase-common:20.0.0] AndroidManifest.xml:27:13-77
226            android:authorities="com.joowhan.uana_project.firebaseinitprovider"
226-->[com.google.firebase:firebase-common:20.0.0] AndroidManifest.xml:28:13-72
227            android:directBootAware="true"
227-->[com.google.firebase:firebase-common:20.0.0] AndroidManifest.xml:29:13-43
228            android:exported="false"
228-->[com.google.firebase:firebase-common:20.0.0] AndroidManifest.xml:30:13-37
229            android:initOrder="100" />
229-->[com.google.firebase:firebase-common:20.0.0] AndroidManifest.xml:31:13-36
230
231        <meta-data
231-->[com.google.android.gms:play-services-basement:17.1.0] AndroidManifest.xml:23:9-25:69
232            android:name="com.google.android.gms.version"
232-->[com.google.android.gms:play-services-basement:17.1.0] AndroidManifest.xml:24:13-58
233            android:value="@integer/google_play_services_version" />
233-->[com.google.android.gms:play-services-basement:17.1.0] AndroidManifest.xml:25:13-66
234    </application>
235
236</manifest>